2018-09-21 11:39:21 INFO  JavaRushTasksProjectComponent.projectOpened(68) - ---------- Project JavaRushTasks opened ----------
2018-09-21 11:39:21 INFO  JavaRushTasksProjectComponent.projectOpened(69) - ---------- Version 3.21 ----------

2018-09-21 11:39:21 INFO  JavaRushTasksProjectComponent.setAutoscrolls(343) - Autoscrolls успешно установлены
2018-09-21 11:39:21 INFO  ApacheHttpClient.login(228) - Ожидание ответа сервера.
2018-09-21 11:39:21 INFO  ApacheHttpClient.login(232) - responseCode = 200
2018-09-21 11:39:21 INFO  ApacheHttpClient.login(263) - JSESSIONID OK
2018-09-21 11:39:21 INFO  ApacheHttpClient.refreshUserInfo(291) - responseCode = 200
2018-09-21 11:39:21 INFO  ApacheHttpClient.refreshUserInfo(297) - Информация о пользователе получена.
2018-09-21 11:39:21 INFO  ApacheHttpClient.startGA(31) - GAService запущен.
2018-09-21 11:39:21 INFO  AbstractRestApiClient.startService(70) - EventsService запущен.
2018-09-21 11:39:31 INFO  ApacheHttpClient.getWebResourceAsStream(437) - responseCode = 200
2018-09-21 11:39:32 INFO  ApacheHttpClient.getFilteredTasks(324) - responseCode = 200
2018-09-21 11:40:33 INFO  ApacheHttpClient.getWebResourceAsStream(437) - responseCode = 200
2018-09-21 11:40:34 INFO  ApacheHttpClient.getFilteredTasks(324) - responseCode = 200
2018-09-21 11:40:42 INFO  JavaRushTasksProjectComponent.projectClosing(165) - ---------- Project JavaRushTasks closed ----------

2018-09-21 11:40:42 INFO  JavaRushTasksProjectComponent.projectClosing(165) - ---------- Project JavaRushTasks closed ----------

2018-09-21 11:41:57 INFO  JavaRushTasksProjectComponent.projectOpened(68) - ---------- Project JavaRushTasks opened ----------
2018-09-21 11:41:57 INFO  JavaRushTasksProjectComponent.projectOpened(69) - ---------- Version 3.21 ----------

2018-09-21 11:41:57 INFO  JavaRushTasksProjectComponent.setAutoscrolls(343) - Autoscrolls успешно установлены
2018-09-21 11:41:59 INFO  ApacheHttpClient.refreshUserInfo(291) - responseCode = 200
2018-09-21 11:41:59 INFO  ApacheHttpClient.refreshUserInfo(297) - Информация о пользователе получена.
2018-09-21 11:41:59 INFO  ApacheHttpClient.startGA(31) - GAService запущен.
2018-09-21 11:41:59 INFO  AbstractRestApiClient.startService(70) - EventsService запущен.
2018-09-21 11:54:13 INFO  ApacheHttpClient.getWebResourceAsStream(437) - responseCode = 200
2018-09-21 11:54:14 INFO  ApacheHttpClient.getFilteredTasks(324) - responseCode = 200
2018-09-21 11:54:21 INFO  ApacheHttpClient.getFilteredTasks(324) - responseCode = 200
2018-09-21 11:54:53 INFO  ApacheHttpClient.getFilteredTasks(324) - responseCode = 200
2018-09-21 11:54:58 INFO  ApacheHttpClient.getTaskTemplateInfo(341) - responseCode = 200
2018-09-21 11:54:58 INFO  ApacheHttpClient.testConnection(187) - responseCode = 200
2018-09-21 11:54:58 INFO  ApacheHttpClient.testConnection(198) - result = true
2018-09-21 11:54:59 INFO  ApacheHttpClient.testConnection(187) - responseCode = 200
2018-09-21 11:54:59 INFO  ApacheHttpClient.testConnection(198) - result = true
2018-09-21 11:54:59 INFO  ApacheHttpClient.sendEvent(470) - responseCode = 200
2018-09-21 11:55:01 INFO  ApacheHttpClient.getWebResourceAsStream(437) - responseCode = 200
2018-09-21 11:55:59 INFO  ApacheHttpClient.sendEvent(470) - responseCode = 200
2018-09-21 11:56:59 INFO  ApacheHttpClient.sendEvent(470) - responseCode = 200
2018-09-21 11:57:59 INFO  ApacheHttpClient.sendEvent(470) - responseCode = 200
2018-09-21 11:58:59 INFO  ApacheHttpClient.sendEvent(470) - responseCode = 200
2018-09-21 11:59:59 INFO  ApacheHttpClient.sendEvent(470) - responseCode = 200
2018-09-21 12:00:59 INFO  ApacheHttpClient.sendEvent(470) - responseCode = 200
2018-09-21 12:01:59 INFO  ApacheHttpClient.sendEvent(470) - responseCode = 200
2018-09-21 12:02:59 INFO  ApacheHttpClient.sendEvent(470) - responseCode = 200
2018-09-21 12:03:59 INFO  ApacheHttpClient.sendEvent(470) - responseCode = 200
2018-09-21 12:04:59 INFO  ApacheHttpClient.sendEvent(470) - responseCode = 200
2018-09-21 12:05:59 INFO  ApacheHttpClient.sendEvent(470) - responseCode = 200
2018-09-21 12:06:59 INFO  ApacheHttpClient.sendEvent(470) - responseCode = 200
2018-09-21 12:07:59 INFO  ApacheHttpClient.sendEvent(470) - responseCode = 200
2018-09-21 12:08:59 INFO  ApacheHttpClient.sendEvent(470) - responseCode = 200
2018-09-21 12:09:59 INFO  ApacheHttpClient.sendEvent(470) - responseCode = 200
2018-09-21 12:10:59 INFO  ApacheHttpClient.sendEvent(470) - responseCode = 200
2018-09-21 12:11:59 INFO  ApacheHttpClient.sendEvent(470) - responseCode = 200
2018-09-21 12:12:59 INFO  ApacheHttpClient.sendEvent(470) - responseCode = 200
2018-09-21 12:13:59 INFO  ApacheHttpClient.sendEvent(470) - responseCode = 200
2018-09-21 12:14:59 INFO  ApacheHttpClient.sendEvent(470) - responseCode = 200
2018-09-21 12:15:59 INFO  ApacheHttpClient.sendEvent(470) - responseCode = 200
2018-09-21 12:16:59 INFO  ApacheHttpClient.sendEvent(470) - responseCode = 200
2018-09-21 12:17:59 INFO  ApacheHttpClient.sendEvent(470) - responseCode = 200
2018-09-21 12:18:59 INFO  ApacheHttpClient.sendEvent(470) - responseCode = 200
2018-09-21 12:19:59 INFO  ApacheHttpClient.sendEvent(470) - responseCode = 200
2018-09-21 12:20:59 INFO  ApacheHttpClient.sendEvent(470) - responseCode = 200
2018-09-21 12:21:59 INFO  ApacheHttpClient.sendEvent(470) - responseCode = 200
2018-09-21 12:22:59 INFO  ApacheHttpClient.sendEvent(470) - responseCode = 200
2018-09-21 12:23:59 INFO  ApacheHttpClient.sendEvent(470) - responseCode = 200
2018-09-21 12:24:59 INFO  ApacheHttpClient.sendEvent(470) - responseCode = 200
2018-09-21 12:25:59 INFO  ApacheHttpClient.sendEvent(470) - responseCode = 200
2018-09-21 12:26:59 INFO  ApacheHttpClient.sendEvent(470) - responseCode = 200
2018-09-21 12:27:59 INFO  ApacheHttpClient.sendEvent(470) - responseCode = 200
2018-09-21 12:28:59 INFO  ApacheHttpClient.sendEvent(470) - responseCode = 200
2018-09-21 12:29:59 INFO  ApacheHttpClient.sendEvent(470) - responseCode = 200
2018-09-21 12:30:59 INFO  ApacheHttpClient.sendEvent(470) - responseCode = 200
2018-09-21 12:31:59 INFO  ApacheHttpClient.sendEvent(470) - responseCode = 200
2018-09-21 12:32:59 INFO  ApacheHttpClient.sendEvent(470) - responseCode = 200
2018-09-21 12:33:59 INFO  ApacheHttpClient.sendEvent(470) - responseCode = 200
2018-09-21 12:34:59 INFO  ApacheHttpClient.sendEvent(470) - responseCode = 200
2018-09-21 12:35:14 INFO  ApacheHttpClient.testConnection(187) - responseCode = 200
2018-09-21 12:35:14 INFO  ApacheHttpClient.testConnection(198) - result = true
2018-09-21 12:35:59 INFO  ApacheHttpClient.sendEvent(470) - responseCode = 200
2018-09-21 12:36:59 INFO  ApacheHttpClient.sendEvent(470) - responseCode = 200
2018-09-21 12:37:59 INFO  ApacheHttpClient.sendEvent(470) - responseCode = 200
2018-09-21 12:38:59 INFO  ApacheHttpClient.sendEvent(470) - responseCode = 200
2018-09-21 12:39:59 INFO  ApacheHttpClient.sendEvent(470) - responseCode = 200
2018-09-21 12:40:59 INFO  ApacheHttpClient.sendEvent(470) - responseCode = 200
2018-09-21 12:52:52 INFO  JavaRushTasksProjectComponent.projectOpened(68) - ---------- Project JavaRushTasks opened ----------
2018-09-21 12:52:52 INFO  JavaRushTasksProjectComponent.projectOpened(69) - ---------- Version 3.21 ----------

2018-09-21 12:52:52 INFO  ApacheHttpClient.createAsyncHttpClient(129) - Выбрано 1 прокси. Тип : DIRECT
2018-09-21 12:52:52 INFO  ApacheHttpClient.<init>(87) - ApacheHttpClient проинстанциирован успешно.
2018-09-21 12:52:53 INFO  ApacheHttpClient.testConnection(187) - responseCode = 200
2018-09-21 12:52:53 INFO  ApacheHttpClient.testConnection(198) - result = true
2018-09-21 12:52:53 INFO  ApacheHttpClient.login(228) - Ожидание ответа сервера.
2018-09-21 12:52:53 INFO  ApacheHttpClient.login(232) - responseCode = 200
2018-09-21 12:52:53 INFO  ApacheHttpClient.login(263) - JSESSIONID OK
2018-09-21 12:52:53 INFO  ApacheHttpClient.refreshUserInfo(291) - responseCode = 200
2018-09-21 12:52:53 INFO  ApacheHttpClient.refreshUserInfo(297) - Информация о пользователе получена.
2018-09-21 12:52:53 INFO  ApacheHttpClient.startGA(31) - GAService запущен.
2018-09-21 12:52:53 INFO  AbstractRestApiClient.startService(70) - EventsService запущен.
2018-09-21 12:52:57 INFO  ApacheHttpClient.testConnection(187) - responseCode = 200
2018-09-21 12:52:57 INFO  ApacheHttpClient.testConnection(198) - result = true
2018-09-21 12:52:58 INFO  ApacheHttpClient.testConnection(187) - responseCode = 200
2018-09-21 12:52:58 INFO  ApacheHttpClient.testConnection(198) - result = true
2018-09-21 12:53:00 INFO  ApacheHttpClient.getWebResourceAsStream(437) - responseCode = 200
2018-09-21 12:53:08 INFO  ApacheHttpClient.testConnection(187) - responseCode = 200
2018-09-21 12:53:08 INFO  ApacheHttpClient.testConnection(198) - result = true
2018-09-21 12:53:11 INFO  ApacheHttpClient.testConnection(187) - responseCode = 200
2018-09-21 12:53:11 INFO  ApacheHttpClient.testConnection(198) - result = true
2018-09-21 12:53:13 INFO  ApacheHttpClient.testConnection(187) - responseCode = 200
2018-09-21 12:53:13 INFO  ApacheHttpClient.testConnection(198) - result = true
2018-09-21 12:53:16 INFO  ApacheHttpClient.getWebResourceAsStream(437) - responseCode = 200
2018-09-21 12:53:16 INFO  ApacheHttpClient.getFilteredTasks(324) - responseCode = 200
2018-09-21 12:53:53 INFO  ApacheHttpClient.sendEvent(470) - responseCode = 200
2018-09-21 12:54:53 INFO  ApacheHttpClient.sendEvent(470) - responseCode = 200
2018-09-21 12:55:53 INFO  ApacheHttpClient.sendEvent(470) - responseCode = 200
2018-09-21 12:56:53 INFO  ApacheHttpClient.sendEvent(470) - responseCode = 200
2018-09-21 12:57:53 INFO  ApacheHttpClient.sendEvent(470) - responseCode = 200
2018-09-21 12:58:53 INFO  ApacheHttpClient.sendEvent(470) - responseCode = 200
2018-09-21 12:59:53 INFO  ApacheHttpClient.sendEvent(470) - responseCode = 200
2018-09-21 13:00:53 INFO  ApacheHttpClient.sendEvent(470) - responseCode = 200
2018-09-21 13:01:53 INFO  ApacheHttpClient.sendEvent(470) - responseCode = 200
2018-09-21 13:02:53 INFO  ApacheHttpClient.sendEvent(470) - responseCode = 200
2018-09-21 13:03:53 INFO  ApacheHttpClient.sendEvent(470) - responseCode = 200
2018-09-21 13:04:53 INFO  ApacheHttpClient.sendEvent(470) - responseCode = 200
2018-09-21 13:05:53 INFO  ApacheHttpClient.sendEvent(470) - responseCode = 200
2018-09-21 13:06:53 INFO  ApacheHttpClient.sendEvent(470) - responseCode = 200
2018-09-21 13:07:53 INFO  ApacheHttpClient.sendEvent(470) - responseCode = 200
2018-09-21 13:08:53 INFO  ApacheHttpClient.sendEvent(470) - responseCode = 200
2018-09-21 13:09:53 INFO  ApacheHttpClient.sendEvent(470) - responseCode = 200
2018-09-21 13:10:53 INFO  ApacheHttpClient.sendEvent(470) - responseCode = 200
2018-09-21 13:11:53 INFO  ApacheHttpClient.sendEvent(470) - responseCode = 200
2018-09-21 13:12:53 INFO  ApacheHttpClient.sendEvent(470) - responseCode = 200
2018-09-21 13:13:53 INFO  ApacheHttpClient.sendEvent(470) - responseCode = 200
2018-09-21 13:14:53 INFO  ApacheHttpClient.sendEvent(470) - responseCode = 200
2018-09-21 13:15:53 INFO  ApacheHttpClient.sendEvent(470) - responseCode = 200
2018-09-21 13:16:53 INFO  ApacheHttpClient.sendEvent(470) - responseCode = 200
2018-09-21 13:17:53 INFO  ApacheHttpClient.sendEvent(470) - responseCode = 200
2018-09-21 13:18:53 INFO  ApacheHttpClient.sendEvent(470) - responseCode = 200
2018-09-21 13:19:53 INFO  ApacheHttpClient.sendEvent(470) - responseCode = 200
2018-09-21 13:20:53 INFO  ApacheHttpClient.sendEvent(470) - responseCode = 200
2018-09-21 13:21:53 INFO  ApacheHttpClient.sendEvent(470) - responseCode = 200
2018-09-21 13:22:53 INFO  ApacheHttpClient.sendEvent(470) - responseCode = 200
2018-09-21 13:23:28 INFO  ApacheHttpClient.getWebResourceAsStream(437) - responseCode = 200
2018-09-21 13:23:28 INFO  ApacheHttpClient.getFilteredTasks(324) - responseCode = 200
2018-09-21 13:23:37 INFO  ApacheHttpClient.getTaskTemplateInfo(341) - responseCode = 200
2018-09-21 13:23:37 INFO  ApacheHttpClient.testConnection(187) - responseCode = 200
2018-09-21 13:23:37 INFO  ApacheHttpClient.testConnection(198) - result = true
2018-09-21 13:23:37 INFO  ApacheHttpClient.testConnection(187) - responseCode = 200
2018-09-21 13:23:37 INFO  ApacheHttpClient.testConnection(198) - result = true
2018-09-21 13:23:38 INFO  ApacheHttpClient.getWebResourceAsStream(437) - responseCode = 200
2018-09-21 13:23:53 INFO  ApacheHttpClient.sendEvent(470) - responseCode = 200
2018-09-21 13:24:53 INFO  ApacheHttpClient.sendEvent(470) - responseCode = 200
2018-09-21 13:25:53 INFO  ApacheHttpClient.sendEvent(470) - responseCode = 200
2018-09-21 13:26:53 INFO  ApacheHttpClient.sendEvent(470) - responseCode = 200
2018-09-21 13:27:53 INFO  ApacheHttpClient.sendEvent(470) - responseCode = 200
