2018-09-21 11:39:21 INFO  JavaRushTasksProjectComponent.projectOpened(68) - ---------- Project JavaRushTasks opened ----------
2018-09-21 11:39:21 INFO  JavaRushTasksProjectComponent.projectOpened(69) - ---------- Version 3.21 ----------

2018-09-21 11:39:21 INFO  JavaRushTasksProjectComponent.setAutoscrolls(343) - Autoscrolls успешно установлены
2018-09-21 11:39:21 INFO  ApacheHttpClient.login(228) - Ожидание ответа сервера.
2018-09-21 11:39:21 INFO  ApacheHttpClient.login(232) - responseCode = 200
2018-09-21 11:39:21 INFO  ApacheHttpClient.login(263) - JSESSIONID OK
2018-09-21 11:39:21 INFO  ApacheHttpClient.refreshUserInfo(291) - responseCode = 200
2018-09-21 11:39:21 INFO  ApacheHttpClient.refreshUserInfo(297) - Информация о пользователе получена.
2018-09-21 11:39:21 INFO  ApacheHttpClient.startGA(31) - GAService запущен.
2018-09-21 11:39:21 INFO  AbstractRestApiClient.startService(70) - EventsService запущен.
2018-09-21 11:39:31 INFO  ApacheHttpClient.getWebResourceAsStream(437) - responseCode = 200
2018-09-21 11:39:32 INFO  ApacheHttpClient.getFilteredTasks(324) - responseCode = 200
2018-09-21 11:40:33 INFO  ApacheHttpClient.getWebResourceAsStream(437) - responseCode = 200
2018-09-21 11:40:34 INFO  ApacheHttpClient.getFilteredTasks(324) - responseCode = 200
2018-09-21 11:40:42 INFO  JavaRushTasksProjectComponent.projectClosing(165) - ---------- Project JavaRushTasks closed ----------

2018-09-21 11:40:42 INFO  JavaRushTasksProjectComponent.projectClosing(165) - ---------- Project JavaRushTasks closed ----------

2018-09-21 11:41:57 INFO  JavaRushTasksProjectComponent.projectOpened(68) - ---------- Project JavaRushTasks opened ----------
2018-09-21 11:41:57 INFO  JavaRushTasksProjectComponent.projectOpened(69) - ---------- Version 3.21 ----------

2018-09-21 11:41:57 INFO  JavaRushTasksProjectComponent.setAutoscrolls(343) - Autoscrolls успешно установлены
2018-09-21 11:41:59 INFO  ApacheHttpClient.refreshUserInfo(291) - responseCode = 200
2018-09-21 11:41:59 INFO  ApacheHttpClient.refreshUserInfo(297) - Информация о пользователе получена.
2018-09-21 11:41:59 INFO  ApacheHttpClient.startGA(31) - GAService запущен.
2018-09-21 11:41:59 INFO  AbstractRestApiClient.startService(70) - EventsService запущен.
2018-09-21 11:54:13 INFO  ApacheHttpClient.getWebResourceAsStream(437) - responseCode = 200
2018-09-21 11:54:14 INFO  ApacheHttpClient.getFilteredTasks(324) - responseCode = 200
2018-09-21 11:54:21 INFO  ApacheHttpClient.getFilteredTasks(324) - responseCode = 200
2018-09-21 11:54:53 INFO  ApacheHttpClient.getFilteredTasks(324) - responseCode = 200
2018-09-21 11:54:58 INFO  ApacheHttpClient.getTaskTemplateInfo(341) - responseCode = 200
2018-09-21 11:54:58 INFO  ApacheHttpClient.testConnection(187) - responseCode = 200
2018-09-21 11:54:58 INFO  ApacheHttpClient.testConnection(198) - result = true
2018-09-21 11:54:59 INFO  ApacheHttpClient.testConnection(187) - responseCode = 200
2018-09-21 11:54:59 INFO  ApacheHttpClient.testConnection(198) - result = true
2018-09-21 11:54:59 INFO  ApacheHttpClient.sendEvent(470) - responseCode = 200
2018-09-21 11:55:01 INFO  ApacheHttpClient.getWebResourceAsStream(437) - responseCode = 200
2018-09-21 11:55:59 INFO  ApacheHttpClient.sendEvent(470) - responseCode = 200
2018-09-21 11:56:59 INFO  ApacheHttpClient.sendEvent(470) - responseCode = 200
2018-09-21 11:57:59 INFO  ApacheHttpClient.sendEvent(470) - responseCode = 200
2018-09-21 11:58:59 INFO  ApacheHttpClient.sendEvent(470) - responseCode = 200
2018-09-21 11:59:59 INFO  ApacheHttpClient.sendEvent(470) - responseCode = 200
2018-09-21 12:00:59 INFO  ApacheHttpClient.sendEvent(470) - responseCode = 200
2018-09-21 12:01:59 INFO  ApacheHttpClient.sendEvent(470) - responseCode = 200
2018-09-21 12:02:59 INFO  ApacheHttpClient.sendEvent(470) - responseCode = 200
2018-09-21 12:03:59 INFO  ApacheHttpClient.sendEvent(470) - responseCode = 200
2018-09-21 12:04:59 INFO  ApacheHttpClient.sendEvent(470) - responseCode = 200
2018-09-21 12:05:59 INFO  ApacheHttpClient.sendEvent(470) - responseCode = 200
2018-09-21 12:06:59 INFO  ApacheHttpClient.sendEvent(470) - responseCode = 200
2018-09-21 12:07:59 INFO  ApacheHttpClient.sendEvent(470) - responseCode = 200
2018-09-21 12:08:59 INFO  ApacheHttpClient.sendEvent(470) - responseCode = 200
2018-09-21 12:09:59 INFO  ApacheHttpClient.sendEvent(470) - responseCode = 200
2018-09-21 12:10:59 INFO  ApacheHttpClient.sendEvent(470) - responseCode = 200
2018-09-21 12:11:59 INFO  ApacheHttpClient.sendEvent(470) - responseCode = 200
2018-09-21 12:12:59 INFO  ApacheHttpClient.sendEvent(470) - responseCode = 200
2018-09-21 12:13:59 INFO  ApacheHttpClient.sendEvent(470) - responseCode = 200
2018-09-21 12:14:59 INFO  ApacheHttpClient.sendEvent(470) - responseCode = 200
2018-09-21 12:15:59 INFO  ApacheHttpClient.sendEvent(470) - responseCode = 200
2018-09-21 12:16:59 INFO  ApacheHttpClient.sendEvent(470) - responseCode = 200
2018-09-21 12:17:59 INFO  ApacheHttpClient.sendEvent(470) - responseCode = 200
2018-09-21 12:18:59 INFO  ApacheHttpClient.sendEvent(470) - responseCode = 200
2018-09-21 12:19:59 INFO  ApacheHttpClient.sendEvent(470) - responseCode = 200
2018-09-21 12:20:59 INFO  ApacheHttpClient.sendEvent(470) - responseCode = 200
2018-09-21 12:21:59 INFO  ApacheHttpClient.sendEvent(470) - responseCode = 200
2018-09-21 12:22:59 INFO  ApacheHttpClient.sendEvent(470) - responseCode = 200
2018-09-21 12:23:59 INFO  ApacheHttpClient.sendEvent(470) - responseCode = 200
2018-09-21 12:24:59 INFO  ApacheHttpClient.sendEvent(470) - responseCode = 200
2018-09-21 12:25:59 INFO  ApacheHttpClient.sendEvent(470) - responseCode = 200
2018-09-21 12:26:59 INFO  ApacheHttpClient.sendEvent(470) - responseCode = 200
2018-09-21 12:27:59 INFO  ApacheHttpClient.sendEvent(470) - responseCode = 200
2018-09-21 12:28:59 INFO  ApacheHttpClient.sendEvent(470) - responseCode = 200
2018-09-21 12:29:59 INFO  ApacheHttpClient.sendEvent(470) - responseCode = 200
2018-09-21 12:30:59 INFO  ApacheHttpClient.sendEvent(470) - responseCode = 200
2018-09-21 12:31:59 INFO  ApacheHttpClient.sendEvent(470) - responseCode = 200
2018-09-21 12:32:59 INFO  ApacheHttpClient.sendEvent(470) - responseCode = 200
2018-09-21 12:33:59 INFO  ApacheHttpClient.sendEvent(470) - responseCode = 200
2018-09-21 12:34:59 INFO  ApacheHttpClient.sendEvent(470) - responseCode = 200
2018-09-21 12:35:14 INFO  ApacheHttpClient.testConnection(187) - responseCode = 200
2018-09-21 12:35:14 INFO  ApacheHttpClient.testConnection(198) - result = true
2018-09-21 12:35:59 INFO  ApacheHttpClient.sendEvent(470) - responseCode = 200
2018-09-21 12:36:59 INFO  ApacheHttpClient.sendEvent(470) - responseCode = 200
2018-09-21 12:37:59 INFO  ApacheHttpClient.sendEvent(470) - responseCode = 200
2018-09-21 12:38:59 INFO  ApacheHttpClient.sendEvent(470) - responseCode = 200
